#
# There is insufficient memory for the Java Runtime Environment to continue.
# Native memory allocation (malloc) failed to allocate 262160 bytes. Error detail: Chunk::new
# Possible reasons:
#   The system is out of physical RAM or swap space
#   This process is running with CompressedOops enabled, and the Java Heap may be blocking the growth of the native heap
# Possible solutions:
#   Reduce memory load on the system
#   Increase physical memory or swap space
#   Check if swap backing store is full
#   Decrease Java heap size (-Xmx/-Xms)
#   Decrease number of Java threads
#   Decrease Java thread stack sizes (-Xss)
#   Set larger code cache with -XX:ReservedCodeCacheSize=
#   JVM is running with Unscaled Compressed Oops mode in which the Java heap is
#     placed in the first 4GB address space. The Java Heap base address is the
#     maximum limit for the native heap growth. Please use -XX:HeapBaseMinAddress
#     to set the Java Heap base and to place the Java Heap above 4GB virtual address.
# This output file may be truncated or incomplete.
#
#  Out of Memory Error (arena.cpp:191), pid=4868, tid=32764
#
# JRE version: OpenJDK Runtime Environment (17.0.11) (build 17.0.11+0--11852314)
# Java VM: OpenJDK 64-Bit Server VM (17.0.11+0--11852314, mixed mode, tiered, compressed oops, compressed class ptrs, g1 gc, windows-amd64)
# No core dump will be written. Minidumps are not enabled by default on client versions of Windows
#

---------------  S U M M A R Y ------------

Command Line: --add-opens=java.base/java.util=ALL-UNNAMED --add-opens=java.base/java.lang=ALL-UNNAMED --add-opens=java.base/java.lang.invoke=ALL-UNNAMED --add-opens=java.prefs/java.util.prefs=ALL-UNNAMED --add-opens=java.base/java.nio.charset=ALL-UNNAMED --add-opens=java.base/java.net=ALL-UNNAMED --add-opens=java.base/java.util.concurrent.atomic=ALL-UNNAMED -Xmx2048m -Dfile.encoding=UTF-8 -Duser.country=GT -Duser.language=es -Duser.variant -javaagent:C:\Users\aame2\.gradle\wrapper\dists\gradle-8.7-bin\bhs2wmbdwecv87pi65oeuq5iu\gradle-8.7\lib\agents\gradle-instrumentation-agent-8.7.jar org.gradle.launcher.daemon.bootstrap.GradleDaemon 8.7

Host: 11th Gen Intel(R) Core(TM) i7-1165G7 @ 2.80GHz, 8 cores, 15G,  Windows 10 , 64 bit Build 19041 (10.0.19041.4842)
Time: Fri Oct 11 17:08:57 2024 Hora estándar, América Central elapsed time: 7.157056 seconds (0d 0h 0m 7s)

---------------  T H R E A D  ---------------

Current thread (0x0000024d6450f5c0):  JavaThread "C2 CompilerThread0" daemon [_thread_in_native, id=32764, stack(0x00000065a8a00000,0x00000065a8b00000)]


Current CompileTask:
C2:   7157 2739       4       java.lang.invoke.MethodType::makeImpl (109 bytes)

Stack: [0x00000065a8a00000,0x00000065a8b00000]
Native frames: (J=compiled Java code, j=interpreted, Vv=VM code, C=native code)
V  [jvm.dll+0x687bb9]
V  [jvm.dll+0x84142a]
V  [jvm.dll+0x8430ae]
V  [jvm.dll+0x843713]
V  [jvm.dll+0x24a35f]
V  [jvm.dll+0xac544]
V  [jvm.dll+0xacb8c]
V  [jvm.dll+0xac64b]
V  [jvm.dll+0x6651cc]
V  [jvm.dll+0x2230f9]
V  [jvm.dll+0x6aae11]
V  [jvm.dll+0x21b039]
V  [jvm.dll+0x1a63ed]
V  [jvm.dll+0x22b1ee]
V  [jvm.dll+0x229375]
V  [jvm.dll+0x7f5647]
V  [jvm.dll+0x7efa4a]
V  [jvm.dll+0x686a35]
C  [ucrtbase.dll+0x21bb2]
C  [KERNEL32.DLL+0x17374]
C  [ntdll.dll+0x4cc91]


---------------  P R O C E S S  ---------------

Threads class SMR info:
_java_thread_list=0x0000024d6c4f65e0, length=32, elements={
0x0000024d4a4bf9c0, 0x0000024d644e4620, 0x0000024d644e5370, 0x0000024d644d19d0,
0x0000024d6450b410, 0x0000024d6450e0f0, 0x0000024d6450e9c0, 0x0000024d6450f5c0,
0x0000024d645133d0, 0x0000024d64513ce0, 0x0000024d645b6540, 0x0000024d647568d0,
0x0000024d6b0f6d80, 0x0000024d6a4d6d40, 0x0000024d6a602d60, 0x0000024d69ccea50,
0x0000024d6af3bb70, 0x0000024d69eb30e0, 0x0000024d69eb4a30, 0x0000024d69eb4f40,
0x0000024d69eb5450, 0x0000024d69eb4010, 0x0000024d69eb6380, 0x0000024d69eb35f0,
0x0000024d69eb2bd0, 0x0000024d69eb3b00, 0x0000024d6d2ba1a0, 0x0000024d6d2bcf30,
0x0000024d6d2bbaf0, 0x0000024d6d2bf7b0, 0x0000024d6d2ba6b0, 0x0000024d6d2bd440
}

Java Threads: ( => current thread )
  0x0000024d4a4bf9c0 JavaThread "main" [_thread_blocked, id=27056, stack(0x00000065a7d00000,0x00000065a7e00000)]
  0x0000024d644e4620 JavaThread "Reference Handler" daemon [_thread_blocked, id=2468, stack(0x00000065a8400000,0x00000065a8500000)]
  0x0000024d644e5370 JavaThread "Finalizer" daemon [_thread_blocked, id=3220, stack(0x00000065a8500000,0x00000065a8600000)]
  0x0000024d644d19d0 JavaThread "Signal Dispatcher" daemon [_thread_blocked, id=472, stack(0x00000065a8600000,0x00000065a8700000)]
  0x0000024d6450b410 JavaThread "Attach Listener" daemon [_thread_blocked, id=17556, stack(0x00000065a8700000,0x00000065a8800000)]
  0x0000024d6450e0f0 JavaThread "Service Thread" daemon [_thread_blocked, id=19044, stack(0x00000065a8800000,0x00000065a8900000)]
  0x0000024d6450e9c0 JavaThread "Monitor Deflation Thread" daemon [_thread_blocked, id=29576, stack(0x00000065a8900000,0x00000065a8a00000)]
=>0x0000024d6450f5c0 JavaThread "C2 CompilerThread0" daemon [_thread_in_native, id=32764, stack(0x00000065a8a00000,0x00000065a8b00000)]
  0x0000024d645133d0 JavaThread "C1 CompilerThread0" daemon [_thread_blocked, id=30900, stack(0x00000065a8b00000,0x00000065a8c00000)]
  0x0000024d64513ce0 JavaThread "Sweeper thread" daemon [_thread_blocked, id=35976, stack(0x00000065a8c00000,0x00000065a8d00000)]
  0x0000024d645b6540 JavaThread "Common-Cleaner" daemon [_thread_blocked, id=13836, stack(0x00000065a8d00000,0x00000065a8e00000)]
  0x0000024d647568d0 JavaThread "Notification Thread" daemon [_thread_blocked, id=29276, stack(0x00000065a8e00000,0x00000065a8f00000)]
  0x0000024d6b0f6d80 JavaThread "Daemon health stats" [_thread_blocked, id=31412, stack(0x00000065a9700000,0x00000065a9800000)]
  0x0000024d6a4d6d40 JavaThread "Incoming local TCP Connector on port 50332" [_thread_in_native, id=30268, stack(0x00000065a9000000,0x00000065a9100000)]
  0x0000024d6a602d60 JavaThread "Daemon periodic checks" [_thread_blocked, id=6896, stack(0x00000065a9600000,0x00000065a9700000)]
  0x0000024d69ccea50 JavaThread "Daemon" [_thread_blocked, id=29312, stack(0x00000065a9a00000,0x00000065a9b00000)]
  0x0000024d6af3bb70 JavaThread "Handler for socket connection from /127.0.0.1:50332 to /127.0.0.1:50333" [_thread_in_native, id=29036, stack(0x00000065a9b00000,0x00000065a9c00000)]
  0x0000024d69eb30e0 JavaThread "Cancel handler" [_thread_blocked, id=28428, stack(0x00000065a9c00000,0x00000065a9d00000)]
  0x0000024d69eb4a30 JavaThread "Daemon worker" [_thread_blocked, id=23600, stack(0x00000065a9d00000,0x00000065a9e00000)]
  0x0000024d69eb4f40 JavaThread "Asynchronous log dispatcher for DefaultDaemonConnection: socket connection from /127.0.0.1:50332 to /127.0.0.1:50333" [_thread_blocked, id=9552, stack(0x00000065a9e00000,0x00000065a9f00000)]
  0x0000024d69eb5450 JavaThread "Stdin handler" [_thread_blocked, id=34620, stack(0x00000065a9f00000,0x00000065aa000000)]
  0x0000024d69eb4010 JavaThread "Daemon client event forwarder" [_thread_blocked, id=21180, stack(0x00000065aa000000,0x00000065aa100000)]
  0x0000024d69eb6380 JavaThread "Cache worker for journal cache (C:\Users\aame2\.gradle\caches\journal-1)" [_thread_blocked, id=36724, stack(0x00000065a9900000,0x00000065a9a00000)]
  0x0000024d69eb35f0 JavaThread "File lock request listener" [_thread_in_native, id=27364, stack(0x00000065aa400000,0x00000065aa500000)]
  0x0000024d69eb2bd0 JavaThread "Cache worker for file hash cache (C:\Users\aame2\.gradle\caches\8.7\fileHashes)" [_thread_blocked, id=35112, stack(0x00000065aa500000,0x00000065aa600000)]
  0x0000024d69eb3b00 JavaThread "File lock release action executor" [_thread_blocked, id=32952, stack(0x00000065a9800000,0x00000065a9900000)]
  0x0000024d6d2ba1a0 JavaThread "Cache worker for file hash cache (C:\Users\aame2\AndroidStudioProjects\AOS_UsingPublicAPI\.gradle\8.7\fileHashes)" [_thread_blocked, id=10888, stack(0x00000065aa800000,0x00000065aa900000)]
  0x0000024d6d2bcf30 JavaThread "File watcher server" daemon [_thread_in_native, id=23592, stack(0x00000065aa900000,0x00000065aaa00000)]
  0x0000024d6d2bbaf0 JavaThread "File watcher consumer" daemon [_thread_blocked, id=2744, stack(0x00000065aaa00000,0x00000065aab00000)]
  0x0000024d6d2bf7b0 JavaThread "Cache worker for checksums cache (C:\Users\aame2\AndroidStudioProjects\AOS_UsingPublicAPI\.gradle\8.7\checksums)" [_thread_blocked, id=13868, stack(0x00000065aa600000,0x00000065aa700000)]
  0x0000024d6d2ba6b0 JavaThread "Cache worker for cache directory md-supplier (C:\Users\aame2\.gradle\caches\8.7\md-supplier)" [_thread_blocked, id=31096, stack(0x00000065aa700000,0x00000065aa800000)]
  0x0000024d6d2bd440 JavaThread "Cache worker for cache directory md-rule (C:\Users\aame2\.gradle\caches\8.7\md-rule)" [_thread_blocked, id=30420, stack(0x00000065aab00000,0x00000065aac00000)]

Other Threads:
  0x0000024d6433fd10 VMThread "VM Thread" [stack: 0x00000065a8300000,0x00000065a8400000] [id=19372]
  0x0000024d4a4c0890 WatcherThread [stack: 0x00000065a8f00000,0x00000065a9000000] [id=36372]
  0x0000024d4a51bc40 GCTaskThread "GC Thread#0" [stack: 0x00000065a7e00000,0x00000065a7f00000] [id=31660]
  0x0000024d695be340 GCTaskThread "GC Thread#1" [stack: 0x00000065a9100000,0x00000065a9200000] [id=32964]
  0x0000024d6a023690 GCTaskThread "GC Thread#2" [stack: 0x00000065a9200000,0x00000065a9300000] [id=31080]
  0x0000024d697748f0 GCTaskThread "GC Thread#3" [stack: 0x00000065a9300000,0x00000065a9400000] [id=27812]
  0x0000024d6a1ba360 GCTaskThread "GC Thread#4" [stack: 0x00000065a9400000,0x00000065a9500000] [id=22288]
  0x0000024d6a1baa30 GCTaskThread "GC Thread#5" [stack: 0x00000065a9500000,0x00000065a9600000] [id=9868]
  0x0000024d69dc05d0 GCTaskThread "GC Thread#6" [stack: 0x00000065aa100000,0x00000065aa200000] [id=27684]
  0x0000024d6b5e8d10 GCTaskThread "GC Thread#7" [stack: 0x00000065aa200000,0x00000065aa300000] [id=15992]
  0x0000024d4a52caa0 ConcurrentGCThread "G1 Main Marker" [stack: 0x00000065a7f00000,0x00000065a8000000] [id=19532]
  0x0000024d4a52d3d0 ConcurrentGCThread "G1 Conc#0" [stack: 0x00000065a8000000,0x00000065a8100000] [id=13996]
  0x0000024d6b2e32b0 ConcurrentGCThread "G1 Conc#1" [stack: 0x00000065aa300000,0x00000065aa400000] [id=13820]
  0x0000024d4a57df00 ConcurrentGCThread "G1 Refine#0" [stack: 0x00000065a8100000,0x00000065a8200000] [id=19004]
  0x0000024d4a57e840 ConcurrentGCThread "G1 Service" [stack: 0x00000065a8200000,0x00000065a8300000] [id=32372]

Threads with active compile tasks:
C2 CompilerThread0     7186 2739       4       java.lang.invoke.MethodType::makeImpl (109 bytes)

VM state: not at safepoint (normal execution)

VM Mutex/Monitor currently owned by a thread: None

Heap address: 0x0000000080000000, size: 2048 MB, Compressed Oops mode: 32-bit

CDS archive(s) not mapped
Compressed class space mapped at: 0x0000000100000000-0x0000000140000000, reserved size: 1073741824
Narrow klass base: 0x0000000000000000, Narrow klass shift: 3, Narrow klass range: 0x140000000

GC Precious Log:
 CPUs: 8 total, 8 available
 Memory: 16064M
 Large Page Support: Disabled
 NUMA Support: Disabled
 Compressed Oops: Enabled (32-bit)
 Heap Region Size: 1M
 Heap Min Capacity: 8M
 Heap Initial Capacity: 252M
 Heap Max Capacity: 2G
 Pre-touch: Disabled
 Parallel Workers: 8
 Concurrent Workers: 2
 Concurrent Refinement Workers: 8
 Periodic GC: Disabled

Heap:
 garbage-first heap   total 68608K, used 38653K [0x0000000080000000, 0x0000000100000000)
  region size 1024K, 21 young (21504K), 4 survivors (4096K)
 Metaspace       used 31916K, committed 32192K, reserved 1114112K
  class space    used 4332K, committed 4480K, reserved 1048576K

Heap Regions: E=young(eden), S=young(survivor), O=old, HS=humongous(starts), HC=humongous(continues), CS=collection set, F=free, OA=open archive, CA=closed archive, TAMS=top-at-mark-start (previous, next)
|   0|0x0000000080000000, 0x0000000080100000, 0x0000000080100000|100%|HS|  |TAMS 0x0000000080100000, 0x0000000080000000| Complete 
|   1|0x0000000080100000, 0x0000000080200000, 0x0000000080200000|100%|HC|  |TAMS 0x0000000080200000, 0x0000000080100000| Complete 
|   2|0x0000000080200000, 0x0000000080300000, 0x0000000080300000|100%|HC|  |TAMS 0x0000000080300000, 0x0000000080200000| Complete 
|   3|0x0000000080300000, 0x0000000080400000, 0x0000000080400000|100%|HC|  |TAMS 0x0000000080400000, 0x0000000080300000| Complete 
|   4|0x0000000080400000, 0x0000000080500000, 0x0000000080500000|100%| O|  |TAMS 0x0000000080500000, 0x0000000080400000| Untracked 
|   5|0x0000000080500000, 0x0000000080600000, 0x0000000080600000|100%| O|  |TAMS 0x0000000080600000, 0x0000000080500000| Untracked 
|   6|0x0000000080600000, 0x0000000080700000, 0x0000000080700000|100%| O|  |TAMS 0x0000000080700000, 0x0000000080600000| Untracked 
|   7|0x0000000080700000, 0x0000000080800000, 0x0000000080800000|100%| O|  |TAMS 0x0000000080800000, 0x0000000080700000| Untracked 
|   8|0x0000000080800000, 0x0000000080900000, 0x0000000080900000|100%| O|  |TAMS 0x0000000080900000, 0x0000000080800000| Untracked 
|   9|0x0000000080900000, 0x0000000080a00000, 0x0000000080a00000|100%| O|  |TAMS 0x0000000080a00000, 0x0000000080900000| Untracked 
|  10|0x0000000080a00000, 0x0000000080ab6a00, 0x0000000080b00000| 71%| O|  |TAMS 0x0000000080ab6a00, 0x0000000080a00000| Untracked 
|  11|0x0000000080b00000, 0x0000000080c00000, 0x0000000080c00000|100%| O|  |TAMS 0x0000000080b00000, 0x0000000080b00000| Untracked 
|  12|0x0000000080c00000, 0x0000000080d00000, 0x0000000080d00000|100%| O|  |TAMS 0x0000000080c00000, 0x0000000080c00000| Untracked 
|  13|0x0000000080d00000, 0x0000000080e00000, 0x0000000080e00000|100%| O|  |TAMS 0x0000000080d00000, 0x0000000080d00000| Untracked 
|  14|0x0000000080e00000, 0x0000000080f00000, 0x0000000080f00000|100%| O|  |TAMS 0x0000000080e00000, 0x0000000080e00000| Untracked 
|  15|0x0000000080f00000, 0x0000000081000000, 0x0000000081000000|100%| O|  |TAMS 0x0000000080f00000, 0x0000000080f00000| Untracked 
|  16|0x0000000081000000, 0x0000000081100000, 0x0000000081100000|100%| O|  |TAMS 0x0000000081000000, 0x0000000081000000| Untracked 
|  17|0x0000000081100000, 0x0000000081200000, 0x0000000081200000|100%| O|  |TAMS 0x0000000081100000, 0x0000000081100000| Untracked 
|  18|0x0000000081200000, 0x00000000812b7a00, 0x0000000081300000| 71%| O|  |TAMS 0x0000000081200000, 0x0000000081200000| Untracked 
|  19|0x0000000081300000, 0x0000000081300000, 0x0000000081400000|  0%| F|  |TAMS 0x0000000081300000, 0x0000000081300000| Untracked 
|  20|0x0000000081400000, 0x0000000081400000, 0x0000000081500000|  0%| F|  |TAMS 0x0000000081400000, 0x0000000081400000| Untracked 
|  21|0x0000000081500000, 0x0000000081500000, 0x0000000081600000|  0%| F|  |TAMS 0x0000000081500000, 0x0000000081500000| Untracked 
|  22|0x0000000081600000, 0x0000000081600000, 0x0000000081700000|  0%| F|  |TAMS 0x0000000081600000, 0x0000000081600000| Untracked 
|  23|0x0000000081700000, 0x0000000081700000, 0x0000000081800000|  0%| F|  |TAMS 0x0000000081700000, 0x0000000081700000| Untracked 
|  24|0x0000000081800000, 0x0000000081800000, 0x0000000081900000|  0%| F|  |TAMS 0x0000000081800000, 0x0000000081800000| Untracked 
|  25|0x0000000081900000, 0x0000000081900000, 0x0000000081a00000|  0%| F|  |TAMS 0x0000000081900000, 0x0000000081900000| Untracked 
|  26|0x0000000081a00000, 0x0000000081a00000, 0x0000000081b00000|  0%| F|  |TAMS 0x0000000081a00000, 0x0000000081a00000| Untracked 
|  27|0x0000000081b00000, 0x0000000081b00000, 0x0000000081c00000|  0%| F|  |TAMS 0x0000000081b00000, 0x0000000081b00000| Untracked 
|  28|0x0000000081c00000, 0x0000000081c00000, 0x0000000081d00000|  0%| F|  |TAMS 0x0000000081c00000, 0x0000000081c00000| Untracked 
|  29|0x0000000081d00000, 0x0000000081d00000, 0x0000000081e00000|  0%| F|  |TAMS 0x0000000081d00000, 0x0000000081d00000| Untracked 
|  30|0x0000000081e00000, 0x0000000081e00000, 0x0000000081f00000|  0%| F|  |TAMS 0x0000000081e00000, 0x0000000081e00000| Untracked 
|  31|0x0000000081f00000, 0x0000000081f00000, 0x0000000082000000|  0%| F|  |TAMS 0x0000000081f00000, 0x0000000081f00000| Untracked 
|  32|0x0000000082000000, 0x0000000082000000, 0x0000000082100000|  0%| F|  |TAMS 0x0000000082000000, 0x0000000082000000| Untracked 
|  33|0x0000000082100000, 0x0000000082100000, 0x0000000082200000|  0%| F|  |TAMS 0x0000000082100000, 0x0000000082100000| Untracked 
|  34|0x0000000082200000, 0x0000000082200000, 0x0000000082300000|  0%| F|  |TAMS 0x0000000082200000, 0x0000000082200000| Untracked 
|  35|0x0000000082300000, 0x00000000823511d0, 0x0000000082400000| 31%| S|CS|TAMS 0x0000000082300000, 0x0000000082300000| Complete 
|  36|0x0000000082400000, 0x0000000082500000, 0x0000000082500000|100%| S|CS|TAMS 0x0000000082400000, 0x0000000082400000| Complete 
|  37|0x0000000082500000, 0x0000000082600000, 0x0000000082600000|100%| S|CS|TAMS 0x0000000082500000, 0x0000000082500000| Complete 
|  38|0x0000000082600000, 0x0000000082700000, 0x0000000082700000|100%| S|CS|TAMS 0x0000000082600000, 0x0000000082600000| Complete 
|  39|0x0000000082700000, 0x0000000082700000, 0x0000000082800000|  0%| F|  |TAMS 0x0000000082700000, 0x0000000082700000| Untracked 
|  40|0x0000000082800000, 0x0000000082800000, 0x0000000082900000|  0%| F|  |TAMS 0x0000000082800000, 0x0000000082800000| Untracked 
|  41|0x0000000082900000, 0x0000000082900000, 0x0000000082a00000|  0%| F|  |TAMS 0x0000000082900000, 0x0000000082900000| Untracked 
|  42|0x0000000082a00000, 0x0000000082a00000, 0x0000000082b00000|  0%| F|  |TAMS 0x0000000082a00000, 0x0000000082a00000| Untracked 
|  43|0x0000000082b00000, 0x0000000082b00000, 0x0000000082c00000|  0%| F|  |TAMS 0x0000000082b00000, 0x0000000082b00000| Untracked 
|  44|0x0000000082c00000, 0x0000000082c00000, 0x0000000082d00000|  0%| F|  |TAMS 0x0000000082c00000, 0x0000000082c00000| Untracked 
|  45|0x0000000082d00000, 0x0000000082d00000, 0x0000000082e00000|  0%| F|  |TAMS 0x0000000082d00000, 0x0000000082d00000| Untracked 
|  46|0x0000000082e00000, 0x0000000082e00000, 0x0000000082f00000|  0%| F|  |TAMS 0x0000000082e00000, 0x0000000082e00000| Untracked 
|  47|0x0000000082f00000, 0x0000000082f00000, 0x0000000083000000|  0%| F|  |TAMS 0x0000000082f00000, 0x0000000082f00000| Untracked 
|  48|0x0000000083000000, 0x0000000083000000, 0x0000000083100000|  0%| F|  |TAMS 0x0000000083000000, 0x0000000083000000| Untracked 
|  49|0x0000000083100000, 0x0000000083100000, 0x0000000083200000|  0%| F|  |TAMS 0x0000000083100000, 0x0000000083100000| Untracked 
|  50|0x0000000083200000, 0x00000000832e1a08, 0x0000000083300000| 88%| E|  |TAMS 0x0000000083200000, 0x0000000083200000| Complete 
|  51|0x0000000083300000, 0x0000000083400000, 0x0000000083400000|100%| E|CS|TAMS 0x0000000083300000, 0x0000000083300000| Complete 
|  52|0x0000000083400000, 0x0000000083500000, 0x0000000083500000|100%| E|CS|TAMS 0x0000000083400000, 0x0000000083400000| Complete 
|  53|0x0000000083500000, 0x0000000083600000, 0x0000000083600000|100%| E|CS|TAMS 0x0000000083500000, 0x0000000083500000| Complete 
|  54|0x0000000083600000, 0x0000000083700000, 0x0000000083700000|100%| E|CS|TAMS 0x0000000083600000, 0x0000000083600000| Complete 
|  55|0x0000000083700000, 0x0000000083800000, 0x0000000083800000|100%| E|CS|TAMS 0x0000000083700000, 0x0000000083700000| Complete 
|  56|0x0000000083800000, 0x0000000083900000, 0x0000000083900000|100%| E|CS|TAMS 0x0000000083800000, 0x0000000083800000| Complete 
|  57|0x0000000083900000, 0x0000000083a00000, 0x0000000083a00000|100%| E|CS|TAMS 0x0000000083900000, 0x0000000083900000| Complete 
| 192|0x000000008c000000, 0x000000008c100000, 0x000000008c100000|100%| E|CS|TAMS 0x000000008c000000, 0x000000008c000000| Complete 
| 193|0x000000008c100000, 0x000000008c200000, 0x000000008c200000|100%| E|CS|TAMS 0x000000008c100000, 0x000000008c100000| Complete 
| 194|0x000000008c200000, 0x000000008c300000, 0x000000008c300000|100%| E|CS|TAMS 0x000000008c200000, 0x000000008c200000| Complete 
| 195|0x000000008c300000, 0x000000008c400000, 0x000000008c400000|100%| E|CS|TAMS 0x000000008c300000, 0x000000008c300000| Complete 
| 196|0x000000008c400000, 0x000000008c500000, 0x000000008c500000|100%| E|CS|TAMS 0x000000008c400000, 0x000000008c400000| Complete 
| 197|0x000000008c500000, 0x000000008c600000, 0x000000008c600000|100%| E|CS|TAMS 0x000000008c500000, 0x000000008c500000| Complete 
| 198|0x000000008c600000, 0x000000008c700000, 0x000000008c700000|100%| E|CS|TAMS 0x000000008c600000, 0x000000008c600000| Complete 
| 199|0x000000008c700000, 0x000000008c800000, 0x000000008c800000|100%| E|CS|TAMS 0x000000008c700000, 0x000000008c700000| Complete 
| 251|0x000000008fb00000, 0x000000008fc00000, 0x000000008fc00000|100%| E|CS|TAMS 0x000000008fb00000, 0x000000008fb00000| Complete 

Card table byte_map: [0x0000024d5d0d0000,0x0000024d5d4d0000] _byte_map_base: 0x0000024d5ccd0000

Marking Bits (Prev, Next): (CMBitMap*) 0x0000024d4a51c1b0, (CMBitMap*) 0x0000024d4a51c170
 Prev Bits: [0x0000024d5f8d0000, 0x0000024d618d0000)
 Next Bits: [0x0000024d5d8d0000, 0x0000024d5f8d0000)

Polling page: 0x0000024d483d0000

Metaspace:

Usage:
  Non-class:     26.94 MB used.
      Class:      4.23 MB used.
       Both:     31.17 MB used.

Virtual space:
  Non-class space:       64.00 MB reserved,      27.06 MB ( 42%) committed,  1 nodes.
      Class space:        1.00 GB reserved,       4.38 MB ( <1%) committed,  1 nodes.
             Both:        1.06 GB reserved,      31.44 MB (  3%) committed. 

Chunk freelists:
   Non-Class:  4.88 MB
       Class:  11.45 MB
        Both:  16.33 MB

MaxMetaspaceSize: unlimited
CompressedClassSpaceSize: 1.00 GB
Initial GC threshold: 21.00 MB
Current GC threshold: 35.12 MB
CDS: off
MetaspaceReclaimPolicy: balanced
 - commit_granule_bytes: 65536.
 - commit_granule_words: 8192.
 - virtual_space_node_default_size: 8388608.
 - enlarge_chunks_in_place: 1.
 - new_chunks_are_fully_committed: 0.
 - uncommit_free_chunks: 1.
 - use_allocation_guard: 0.
 - handle_deallocations: 1.


Internal statistics:

num_allocs_failed_limit: 3.
num_arena_births: 250.
num_arena_deaths: 0.
num_vsnodes_births: 2.
num_vsnodes_deaths: 0.
num_space_committed: 503.
num_space_uncommitted: 0.
num_chunks_returned_to_freelist: 3.
num_chunks_taken_from_freelist: 1106.
num_chunk_merges: 3.
num_chunk_splits: 731.
num_chunks_enlarged: 534.
num_inconsistent_stats: 0.

CodeHeap 'non-profiled nmethods': size=120000Kb used=1577Kb max_used=1577Kb free=118422Kb
 bounds [0x0000024d55470000, 0x0000024d556e0000, 0x0000024d5c9a0000]
CodeHeap 'profiled nmethods': size=120000Kb used=5648Kb max_used=5648Kb free=114351Kb
 bounds [0x0000024d4d9a0000, 0x0000024d4df30000, 0x0000024d54ed0000]
CodeHeap 'non-nmethods': size=5760Kb used=1242Kb max_used=1286Kb free=4517Kb
 bounds [0x0000024d54ed0000, 0x0000024d55140000, 0x0000024d55470000]
 total_blobs=3285 nmethods=2742 adapters=455
 compilation: enabled
              stopped_count=0, restarted_count=0
 full_count=0

Compilation events (20 events):
Event: 7.097 Thread 0x0000024d645133d0 nmethod 2732 0x0000024d4df20610 code [0x0000024d4df20840, 0x0000024d4df21168]
Event: 7.109 Thread 0x0000024d645133d0 2734       3       java.util.concurrent.locks.AbstractQueuedSynchronizer$ConditionNode::<init> (5 bytes)
Event: 7.109 Thread 0x0000024d645133d0 nmethod 2734 0x0000024d4df21410 code [0x0000024d4df215c0, 0x0000024d4df21778]
Event: 7.109 Thread 0x0000024d645133d0 2735       3       java.util.concurrent.locks.AbstractQueuedSynchronizer$ConditionObject::enableWait (84 bytes)
Event: 7.109 Thread 0x0000024d645133d0 nmethod 2735 0x0000024d4df21890 code [0x0000024d4df21aa0, 0x0000024d4df221e8]
Event: 7.110 Thread 0x0000024d645133d0 2736       3       java.util.concurrent.locks.AbstractQueuedSynchronizer$Node::setStatusRelaxed (12 bytes)
Event: 7.110 Thread 0x0000024d645133d0 nmethod 2736 0x0000024d4df22490 code [0x0000024d4df22620, 0x0000024d4df22738]
Event: 7.119 Thread 0x0000024d6450f5c0 2737       4       java.util.HashMap::putVal (300 bytes)
Event: 7.122 Thread 0x0000024d645133d0 2738       3       java.lang.Long::valueOf (40 bytes)
Event: 7.122 Thread 0x0000024d645133d0 nmethod 2738 0x0000024d4df22810 code [0x0000024d4df229c0, 0x0000024d4df22d18]
Event: 7.131 Thread 0x0000024d6450f5c0 nmethod 2737 0x0000024d555f9290 code [0x0000024d555f9460, 0x0000024d555f9c48]
Event: 7.134 Thread 0x0000024d6450f5c0 2739       4       java.lang.invoke.MethodType::makeImpl (109 bytes)
Event: 7.136 Thread 0x0000024d645133d0 2740       3       com.google.common.base.MoreObjects::firstNonNull (22 bytes)
Event: 7.137 Thread 0x0000024d645133d0 nmethod 2740 0x0000024d4df22e90 code [0x0000024d4df23040, 0x0000024d4df232a8]
Event: 7.141 Thread 0x0000024d645133d0 2741       3       java.nio.channels.spi.AbstractInterruptibleChannel::isOpen (13 bytes)
Event: 7.142 Thread 0x0000024d645133d0 nmethod 2741 0x0000024d4df23390 code [0x0000024d4df23520, 0x0000024d4df23698]
Event: 7.142 Thread 0x0000024d645133d0 2743  s    3       java.io.ByteArrayOutputStream::write (32 bytes)
Event: 7.142 Thread 0x0000024d645133d0 nmethod 2743 0x0000024d4df23710 code [0x0000024d4df238c0, 0x0000024d4df23b08]
Event: 7.142 Thread 0x0000024d645133d0 2742       1       sun.nio.ch.NativeThread::current (2 bytes)
Event: 7.143 Thread 0x0000024d645133d0 nmethod 2742 0x0000024d555fa190 code [0x0000024d555fa320, 0x0000024d555fa3d8]

GC Heap History (10 events):
Event: 1.304 GC heap before
{Heap before GC invocations=0 (full 0):
 garbage-first heap   total 258048K, used 26624K [0x0000000080000000, 0x0000000100000000)
  region size 1024K, 23 young (23552K), 0 survivors (0K)
 Metaspace       used 10450K, committed 10560K, reserved 1114112K
  class space    used 1081K, committed 1152K, reserved 1048576K
}
Event: 1.310 GC heap after
{Heap after GC invocations=1 (full 0):
 garbage-first heap   total 258048K, used 11249K [0x0000000080000000, 0x0000000100000000)
  region size 1024K, 3 young (3072K), 3 survivors (3072K)
 Metaspace       used 10450K, committed 10560K, reserved 1114112K
  class space    used 1081K, committed 1152K, reserved 1048576K
}
Event: 2.097 GC heap before
{Heap before GC invocations=1 (full 0):
 garbage-first heap   total 258048K, used 39921K [0x0000000080000000, 0x0000000100000000)
  region size 1024K, 31 young (31744K), 3 survivors (3072K)
 Metaspace       used 11476K, committed 11648K, reserved 1114112K
  class space    used 1198K, committed 1280K, reserved 1048576K
}
Event: 2.100 GC heap after
{Heap after GC invocations=2 (full 0):
 garbage-first heap   total 258048K, used 11789K [0x0000000080000000, 0x0000000100000000)
  region size 1024K, 1 young (1024K), 1 survivors (1024K)
 Metaspace       used 11476K, committed 11648K, reserved 1114112K
  class space    used 1198K, committed 1280K, reserved 1048576K
}
Event: 3.857 GC heap before
{Heap before GC invocations=2 (full 0):
 garbage-first heap   total 258048K, used 64013K [0x0000000080000000, 0x0000000100000000)
  region size 1024K, 52 young (53248K), 1 survivors (1024K)
 Metaspace       used 21335K, committed 21504K, reserved 1114112K
  class space    used 2530K, committed 2624K, reserved 1048576K
}
Event: 3.866 GC heap after
{Heap after GC invocations=3 (full 0):
 garbage-first heap   total 258048K, used 19079K [0x0000000080000000, 0x0000000100000000)
  region size 1024K, 8 young (8192K), 8 survivors (8192K)
 Metaspace       used 21335K, committed 21504K, reserved 1114112K
  class space    used 2530K, committed 2624K, reserved 1048576K
}
Event: 5.717 GC heap before
{Heap before GC invocations=4 (full 0):
 garbage-first heap   total 68608K, used 51847K [0x0000000080000000, 0x0000000100000000)
  region size 1024K, 40 young (40960K), 8 survivors (8192K)
 Metaspace       used 25981K, committed 26304K, reserved 1114112K
  class space    used 3334K, committed 3520K, reserved 1048576K
}
Event: 5.723 GC heap after
{Heap after GC invocations=5 (full 0):
 garbage-first heap   total 68608K, used 20669K [0x0000000080000000, 0x0000000100000000)
  region size 1024K, 2 young (2048K), 2 survivors (2048K)
 Metaspace       used 25981K, committed 26304K, reserved 1114112K
  class space    used 3334K, committed 3520K, reserved 1048576K
}
Event: 6.617 GC heap before
{Heap before GC invocations=5 (full 0):
 garbage-first heap   total 68608K, used 49341K [0x0000000080000000, 0x0000000100000000)
  region size 1024K, 30 young (30720K), 2 survivors (2048K)
 Metaspace       used 29783K, committed 30144K, reserved 1114112K
  class space    used 3969K, committed 4160K, reserved 1048576K
}
Event: 6.621 GC heap after
{Heap after GC invocations=6 (full 0):
 garbage-first heap   total 68608K, used 22269K [0x0000000080000000, 0x0000000100000000)
  region size 1024K, 4 young (4096K), 4 survivors (4096K)
 Metaspace       used 29783K, committed 30144K, reserved 1114112K
  class space    used 3969K, committed 4160K, reserved 1048576K
}

Dll operation events (3 events):
Event: 0.026 Loaded shared library C:\Program Files\Android\Android Studio1\jbr\bin\java.dll
Event: 0.307 Loaded shared library C:\Program Files\Android\Android Studio1\jbr\bin\zip.dll
Event: 0.927 Loaded shared library C:\Program Files\Android\Android Studio1\jbr\bin\verify.dll

Deoptimization events (20 events):
Event: 6.090 Thread 0x0000024d69eb4a30 DEOPT PACKING pc=0x0000024d4ddd2c54 sp=0x00000065a9dfb2f0
Event: 6.090 Thread 0x0000024d69eb4a30 DEOPT UNPACKING pc=0x0000024d54f2ace3 sp=0x00000065a9dfa848 mode 0
Event: 6.143 Thread 0x0000024d69eb4a30 Uncommon trap: trap_request=0xffffff45 fr.pc=0x0000024d55582770 relative=0x00000000000003b0
Event: 6.143 Thread 0x0000024d69eb4a30 Uncommon trap: reason=unstable_if action=reinterpret pc=0x0000024d55582770 method=java.util.HashMap.getNode(Ljava/lang/Object;)Ljava/util/HashMap$Node; @ 131 c2
Event: 6.143 Thread 0x0000024d69eb4a30 DEOPT PACKING pc=0x0000024d55582770 sp=0x00000065a9dfab10
Event: 6.143 Thread 0x0000024d69eb4a30 DEOPT UNPACKING pc=0x0000024d54f2a1a3 sp=0x00000065a9dfaa30 mode 2
Event: 6.332 Thread 0x0000024d69eb4a30 Uncommon trap: trap_request=0xffffff6e fr.pc=0x0000024d55522664 relative=0x00000000000003c4
Event: 6.332 Thread 0x0000024d69eb4a30 Uncommon trap: reason=loop_limit_check action=maybe_recompile pc=0x0000024d55522664 method=java.lang.StringLatin1.indexOf([BI[BII)I @ 37 c2
Event: 6.332 Thread 0x0000024d69eb4a30 DEOPT PACKING pc=0x0000024d55522664 sp=0x00000065a9df8230
Event: 6.332 Thread 0x0000024d69eb4a30 DEOPT UNPACKING pc=0x0000024d54f2a1a3 sp=0x00000065a9df8190 mode 2
Event: 6.537 Thread 0x0000024d69eb4a30 DEOPT PACKING pc=0x0000024d4dea98f0 sp=0x00000065a9df4760
Event: 6.537 Thread 0x0000024d69eb4a30 DEOPT UNPACKING pc=0x0000024d54f2ace3 sp=0x00000065a9df3bb0 mode 0
Event: 6.726 Thread 0x0000024d69eb4a30 Uncommon trap: trap_request=0xffffff76 fr.pc=0x0000024d555ccb80 relative=0x0000000000000160
Event: 6.726 Thread 0x0000024d69eb4a30 Uncommon trap: reason=predicate action=maybe_recompile pc=0x0000024d555ccb80 method=com.google.common.base.CharMatcher.indexIn(Ljava/lang/CharSequence;I)I @ 19 c2
Event: 6.726 Thread 0x0000024d69eb4a30 DEOPT PACKING pc=0x0000024d555ccb80 sp=0x00000065a9dfa1c0
Event: 6.726 Thread 0x0000024d69eb4a30 DEOPT UNPACKING pc=0x0000024d54f2a1a3 sp=0x00000065a9dfa150 mode 2
Event: 6.850 Thread 0x0000024d69eb4a30 Uncommon trap: trap_request=0xffffff45 fr.pc=0x0000024d55520754 relative=0x00000000000005b4
Event: 6.850 Thread 0x0000024d69eb4a30 Uncommon trap: reason=unstable_if action=reinterpret pc=0x0000024d55520754 method=java.util.Properties$LineReader.readLine()I @ 95 c2
Event: 6.850 Thread 0x0000024d69eb4a30 DEOPT PACKING pc=0x0000024d55520754 sp=0x00000065a9dfb0a0
Event: 6.850 Thread 0x0000024d69eb4a30 DEOPT UNPACKING pc=0x0000024d54f2a1a3 sp=0x00000065a9dfb050 mode 2

Classes unloaded (0 events):
No events

Classes redefined (0 events):
No events

Internal exceptions (20 events):
Event: 5.249 Thread 0x0000024d69eb4a30 Implicit null exception at 0x0000024d554979d8 to 0x0000024d55497a6a
Event: 5.271 Thread 0x0000024d69eb4a30 Exception <a 'java/lang/NoSuchMethodError'{0x00000000828f0880}: 'int java.lang.invoke.DirectMethodHandle$Holder.invokeStatic(java.lang.Object, java.lang.Object, java.lang.Object, java.lang.Object)'> (0x00000000828f0880) 
thrown [s\src\hotspot\share\interpreter\linkResolver.cpp, line 771]
Event: 5.272 Thread 0x0000024d69eb4a30 Exception <a 'java/lang/NoSuchMethodError'{0x00000000828f44a8}: 'java.lang.Object java.lang.invoke.Invokers$Holder.invokeExact_MT(java.lang.Object, java.lang.Object, java.lang.Object, java.lang.Object, java.lang.Object, java.lang.Object)'> (0x00000000828f44a8) 
thrown [s\src\hotspot\share\interpreter\linkResolver.cpp, line 771]
Event: 5.368 Thread 0x0000024d69eb4a30 Exception <a 'java/lang/IncompatibleClassChangeError'{0x00000000825e2b78}: Found class java.lang.Object, but interface was expected> (0x00000000825e2b78) 
thrown [s\src\hotspot\share\interpreter\linkResolver.cpp, line 838]
Event: 6.113 Thread 0x0000024d69eb4a30 Exception <a 'java/lang/NoSuchMethodError'{0x000000008367de68}: 'java.lang.Object java.lang.invoke.DirectMethodHandle$Holder.invokeVirtual(java.lang.Object, java.lang.Object, java.lang.Object, java.lang.Object)'> (0x000000008367de68) 
thrown [s\src\hotspot\share\interpreter\linkResolver.cpp, line 771]
Event: 6.158 Thread 0x0000024d69eb4a30 Exception <a 'java/lang/NoSuchMethodError'{0x00000000835cabb0}: 'java.lang.Object java.lang.invoke.DirectMethodHandle$Holder.newInvokeSpecial(java.lang.Object, java.lang.Object, java.lang.Object, java.lang.Object, java.lang.Object, java.lang.Object, java.lang.Object)'> (0x00000000835cabb0) 
thrown [s\src\hotspot\share\interpreter\linkResolver.cpp, line 771]
Event: 6.159 Thread 0x0000024d69eb4a30 Exception <a 'java/lang/NoSuchMethodError'{0x00000000835cf880}: 'java.lang.Object java.lang.invoke.Invokers$Holder.linkToTargetMethod(java.lang.Object, java.lang.Object, java.lang.Object, java.lang.Object, java.lang.Object, java.lang.Object, java.lang.Object)'> (0x00000000835cf880) 
thrown [s\src\hotspot\share\interpreter\linkResolver.cpp, line 771]
Event: 6.461 Thread 0x0000024d69eb4a30 Exception <a 'java/lang/NoSuchMethodError'{0x0000000082b917f0}: 'java.lang.Object java.lang.invoke.DirectMethodHandle$Holder.invokeStaticInit(java.lang.Object, java.lang.Object, java.lang.Object, java.lang.Object)'> (0x0000000082b917f0) 
thrown [s\src\hotspot\share\interpreter\linkResolver.cpp, line 771]
Event: 6.497 Thread 0x0000024d69eb4a30 Exception <a 'java/lang/NoSuchMethodError'{0x0000000082a80760}: 'java.lang.Object java.lang.invoke.DirectMethodHandle$Holder.newInvokeSpecial(java.lang.Object, java.lang.Object, java.lang.Object, java.lang.Object, java.lang.Object, java.lang.Object, java.lang.Object, java.lang.Object)'> (0x0000000082a80760) 
thrown [s\src\hotspot\share\interpreter\linkResolver.cpp, line 771]
Event: 6.499 Thread 0x0000024d69eb4a30 Exception <a 'java/lang/NoSuchMethodError'{0x0000000082a86168}: 'java.lang.Object java.lang.invoke.DirectMethodHandle$Holder.invokeSpecial(java.lang.Object, java.lang.Object, java.lang.Object, java.lang.Object, java.lang.Object, java.lang.Object, java.lang.Object, java.lang.Object, java.lang.Object)'> (0x0000000082a86168) 
thrown [s\src\hotspot\share\interpreter\linkResolver.cpp, line 771]
Event: 6.499 Thread 0x0000024d69eb4a30 Exception <a 'java/lang/NoSuchMethodError'{0x0000000082a8b518}: 'java.lang.Object java.lang.invoke.Invokers$Holder.linkToTargetMethod(java.lang.Object, java.lang.Object, java.lang.Object, java.lang.Object, java.lang.Object, java.lang.Object, java.lang.Object, java.lang.Object)'> (0x0000000082a8b518) 
thrown [s\src\hotspot\share\interpreter\linkResolver.cpp, line 771]
Event: 6.515 Thread 0x0000024d69eb4a30 Exception <a 'java/lang/NoSuchMethodError'{0x0000000082ad4d20}: 'void java.lang.invoke.DirectMethodHandle$Holder.invokeStatic(java.lang.Object, java.lang.Object, java.lang.Object, java.lang.Object)'> (0x0000000082ad4d20) 
thrown [s\src\hotspot\share\interpreter\linkResolver.cpp, line 771]
Event: 6.795 Thread 0x0000024d69eb4a30 Exception <a 'java/lang/NoSuchMethodError'{0x000000008c418508}: 'int java.lang.invoke.DirectMethodHandle$Holder.invokeVirtual(java.lang.Object, java.lang.Object)'> (0x000000008c418508) 
thrown [s\src\hotspot\share\interpreter\linkResolver.cpp, line 771]
Event: 6.798 Thread 0x0000024d69eb4a30 Exception <a 'java/lang/NoSuchMethodError'{0x000000008c42ac58}: 'java.lang.Object java.lang.invoke.DirectMethodHandle$Holder.invokeStaticInit(java.lang.Object, java.lang.Object, java.lang.Object)'> (0x000000008c42ac58) 
thrown [s\src\hotspot\share\interpreter\linkResolver.cpp, line 771]
Event: 7.047 Thread 0x0000024d69eb4a30 Exception <a 'java/lang/NoSuchMethodError'{0x00000000835586d0}: 'java.lang.Object java.lang.invoke.DirectMethodHandle$Holder.invokeSpecialIFC(java.lang.Object, java.lang.Object, java.lang.Object, java.lang.Object)'> (0x00000000835586d0) 
thrown [s\src\hotspot\share\interpreter\linkResolver.cpp, line 771]
Event: 7.058 Thread 0x0000024d69eb4a30 Exception <a 'java/lang/NoSuchMethodError'{0x00000000835f3dd8}: 'java.lang.Object java.lang.invoke.DirectMethodHandle$Holder.newInvokeSpecial(java.lang.Object, java.lang.Object, java.lang.Object, java.lang.Object, java.lang.Object, java.lang.Object, java.lang.Object, java.lang.Object, java.lang.Object, java.lang.Object)'> (0x00000000835f3dd8) 
thrown [s\src\hotspot\share\interpreter\linkResolver.cpp, line 771]
Event: 7.059 Thread 0x0000024d69eb4a30 Exception <a 'java/lang/NoSuchMethodError'{0x00000000835f8cc0}: 'java.lang.Object java.lang.invoke.Invokers$Holder.linkToTargetMethod(java.lang.Object, java.lang.Object, java.lang.Object, java.lang.Object, java.lang.Object, java.lang.Object, java.lang.Object, java.lang.Object, java.lang.Object, java.lang.Object)'> (0x00000000835f8cc0) 
thrown [s\src\hotspot\share\interpreter\linkResolver.cpp, line 771]
Event: 7.068 Thread 0x0000024d69eb4a30 Exception <a 'java/lang/NoSuchMethodError'{0x0000000083471ce0}: 'java.lang.Object java.lang.invoke.DirectMethodHandle$Holder.newInvokeSpecial(java.lang.Object, java.lang.Object, java.lang.Object, java.lang.Object, java.lang.Object, java.lang.Object, java.lang.Object, java.lang.Object, java.lang.Object, java.lang.Object, java.lang.Object)'> (0x0000000083471ce0) 
thrown [s\src\hotspot\share\interpreter\linkResolver.cpp, line 771]
Event: 7.069 Thread 0x0000024d69eb4a30 Exception <a 'java/lang/NoSuchMethodError'{0x0000000083477818}: 'java.lang.Object java.lang.invoke.DirectMethodHandle$Holder.invokeSpecial(java.lang.Object, java.lang.Object, java.lang.Object, java.lang.Object, java.lang.Object, java.lang.Object, java.lang.Object, java.lang.Object, java.lang.Object, java.lang.Object, java.lang.Object, java.lang.Object)'> (0x0000000083477818) 
thrown [s\src\hotspot\share\interpreter\linkResolver.cpp, line 771]
Event: 7.069 Thread 0x0000024d69eb4a30 Exception <a 'java/lang/NoSuchMethodError'{0x000000008347ceb0}: 'java.lang.Object java.lang.invoke.Invokers$Holder.linkToTargetMethod(java.lang.Object, java.lang.Object, java.lang.Object, java.lang.Object, java.lang.Object, java.lang.Object, java.lang.Object, java.lang.Object, java.lang.Object, java.lang.Object, java.lang.Object)'> (0x000000008347ceb0) 
thrown [s\src\hotspot\share\interpreter\linkResolver.cpp, line 771]

VM Operations (20 events):
Event: 3.857 Executing VM operation: CollectForMetadataAllocation
Event: 3.866 Executing VM operation: CollectForMetadataAllocation done
Event: 3.873 Executing VM operation: G1PauseRemark
Event: 3.874 Executing VM operation: G1PauseRemark done
Event: 3.876 Executing VM operation: G1PauseCleanup
Event: 3.877 Executing VM operation: G1PauseCleanup done
Event: 3.922 Executing VM operation: HandshakeAllThreads
Event: 3.922 Executing VM operation: HandshakeAllThreads done
Event: 4.937 Executing VM operation: Cleanup
Event: 4.937 Executing VM operation: Cleanup done
Event: 5.345 Executing VM operation: HandshakeAllThreads
Event: 5.345 Executing VM operation: HandshakeAllThreads done
Event: 5.346 Executing VM operation: HandshakeAllThreads
Event: 5.346 Executing VM operation: HandshakeAllThreads done
Event: 5.717 Executing VM operation: G1CollectForAllocation
Event: 5.723 Executing VM operation: G1CollectForAllocation done
Event: 6.617 Executing VM operation: G1CollectForAllocation
Event: 6.621 Executing VM operation: G1CollectForAllocation done
Event: 6.854 Executing VM operation: HandshakeAllThreads
Event: 6.854 Executing VM operation: HandshakeAllThreads done

Events (20 events):
Event: 6.421 Thread 0x0000024d6d2ba1a0 Thread added: 0x0000024d6d2ba1a0
Event: 6.680 loading class java/util/function/UnaryOperator
Event: 6.680 loading class java/util/function/UnaryOperator done
Event: 6.711 loading class java/util/concurrent/TimeoutException
Event: 6.711 loading class java/util/concurrent/TimeoutException done
Event: 6.711 loading class java/util/concurrent/CancellationException
Event: 6.711 loading class java/util/concurrent/CancellationException done
Event: 6.782 Thread 0x0000024d6d2bcf30 Thread added: 0x0000024d6d2bcf30
Event: 6.782 loading class java/util/concurrent/locks/AbstractQueuedSynchronizer$SharedNode
Event: 6.782 loading class java/util/concurrent/locks/AbstractQueuedSynchronizer$SharedNode done
Event: 6.790 loading class java/io/InterruptedIOException
Event: 6.790 loading class java/io/InterruptedIOException done
Event: 6.793 Thread 0x0000024d6d2bbaf0 Thread added: 0x0000024d6d2bbaf0
Event: 6.802 loading class java/util/ArrayDeque$DeqSpliterator
Event: 6.802 loading class java/util/ArrayDeque$DeqSpliterator done
Event: 7.006 Thread 0x0000024d6bc4bd20 Thread exited: 0x0000024d6bc4bd20
Event: 7.006 Thread 0x0000024d6c0a7980 Thread exited: 0x0000024d6c0a7980
Event: 7.037 Thread 0x0000024d6d2bf7b0 Thread added: 0x0000024d6d2bf7b0
Event: 7.108 Thread 0x0000024d6d2ba6b0 Thread added: 0x0000024d6d2ba6b0
Event: 7.136 Thread 0x0000024d6d2bd440 Thread added: 0x0000024d6d2bd440


Dynamic libraries:
0x00007ff760ed0000 - 0x00007ff760eda000 	C:\Program Files\Android\Android Studio1\jbr\bin\java.exe
0x00007ffd56270000 - 0x00007ffd56468000 	C:\windows\SYSTEM32\ntdll.dll
0x00007ffd548e0000 - 0x00007ffd549a1000 	C:\windows\System32\KERNEL32.DLL
0x00007ffd53a80000 - 0x00007ffd53d7d000 	C:\windows\System32\KERNELBASE.dll
0x00007ffd54080000 - 0x00007ffd54180000 	C:\windows\System32\ucrtbase.dll
0x00007ffd36060000 - 0x00007ffd36077000 	C:\Program Files\Android\Android Studio1\jbr\bin\jli.dll
0x00007ffd49c70000 - 0x00007ffd49c8b000 	C:\Program Files\Android\Android Studio1\jbr\bin\VCRUNTIME140.dll
0x00007ffd55ca0000 - 0x00007ffd55e3d000 	C:\windows\System32\USER32.dll
0x00007ffd36820000 - 0x00007ffd36aba000 	C:\windows\WinSxS\amd64_microsoft.windows.common-controls_6595b64144ccf1df_6.0.19041.4355_none_60b8b9eb71f62e16\COMCTL32.dll
0x00007ffd55fe0000 - 0x00007ffd5607e000 	C:\windows\System32\msvcrt.dll
0x00007ffd54bd0000 - 0x00007ffd54bfb000 	C:\windows\System32\GDI32.dll
0x00007ffd53ee0000 - 0x00007ffd53f02000 	C:\windows\System32\win32u.dll
0x00007ffd54180000 - 0x00007ffd54297000 	C:\windows\System32\gdi32full.dll
0x00007ffd539e0000 - 0x00007ffd53a7d000 	C:\windows\System32\msvcp_win.dll
0x00007ffd54c90000 - 0x00007ffd54cbf000 	C:\windows\System32\IMM32.DLL
0x00007ffd49ce0000 - 0x00007ffd49cec000 	C:\Program Files\Android\Android Studio1\jbr\bin\vcruntime140_1.dll
0x00007ffd27c70000 - 0x00007ffd27cfd000 	C:\Program Files\Android\Android Studio1\jbr\bin\msvcp140.dll
0x00007ffc84bc0000 - 0x00007ffc85843000 	C:\Program Files\Android\Android Studio1\jbr\bin\server\jvm.dll
0x00007ffd55a60000 - 0x00007ffd55b10000 	C:\windows\System32\ADVAPI32.dll
0x00007ffd542a0000 - 0x00007ffd54340000 	C:\windows\System32\sechost.dll
0x00007ffd54aa0000 - 0x00007ffd54bc3000 	C:\windows\System32\RPCRT4.dll
0x00007ffd53fa0000 - 0x00007ffd53fc7000 	C:\windows\System32\bcrypt.dll
0x00007ffd53310000 - 0x00007ffd5335b000 	C:\windows\SYSTEM32\POWRPROF.dll
0x00007ffd49ef0000 - 0x00007ffd49efa000 	C:\windows\SYSTEM32\VERSION.dll
0x00007ffd442d0000 - 0x00007ffd442f7000 	C:\windows\SYSTEM32\WINMM.dll
0x00007ffcd01c0000 - 0x00007ffcd01c9000 	C:\windows\SYSTEM32\WSOCK32.dll
0x00007ffd55f70000 - 0x00007ffd55fdb000 	C:\windows\System32\WS2_32.dll
0x00007ffd532b0000 - 0x00007ffd532c2000 	C:\windows\SYSTEM32\UMPDC.dll
0x00007ffd51940000 - 0x00007ffd51952000 	C:\windows\SYSTEM32\kernel.appcore.dll
0x00007ffd4a350000 - 0x00007ffd4a35a000 	C:\Program Files\Android\Android Studio1\jbr\bin\jimage.dll
0x00007ffd51580000 - 0x00007ffd51764000 	C:\windows\SYSTEM32\DBGHELP.DLL
0x00007ffd30b50000 - 0x00007ffd30b84000 	C:\windows\SYSTEM32\dbgcore.DLL
0x00007ffd53f10000 - 0x00007ffd53f92000 	C:\windows\System32\bcryptPrimitives.dll
0x00007ffd488e0000 - 0x00007ffd488ee000 	C:\Program Files\Android\Android Studio1\jbr\bin\instrument.dll
0x00007ffd49570000 - 0x00007ffd49595000 	C:\Program Files\Android\Android Studio1\jbr\bin\java.dll
0x00007ffd49bb0000 - 0x00007ffd49bc8000 	C:\Program Files\Android\Android Studio1\jbr\bin\zip.dll
0x00007ffd55020000 - 0x00007ffd5578f000 	C:\windows\System32\SHELL32.dll
0x00007ffd51960000 - 0x00007ffd52103000 	C:\windows\SYSTEM32\windows.storage.dll
0x00007ffd54cc0000 - 0x00007ffd55013000 	C:\windows\System32\combase.dll
0x00007ffd53200000 - 0x00007ffd5322e000 	C:\windows\SYSTEM32\Wldp.dll
0x00007ffd55990000 - 0x00007ffd55a5d000 	C:\windows\System32\OLEAUT32.dll
0x00007ffd55b10000 - 0x00007ffd55bbd000 	C:\windows\System32\SHCORE.dll
0x00007ffd55c40000 - 0x00007ffd55c95000 	C:\windows\System32\shlwapi.dll
0x00007ffd53850000 - 0x00007ffd53874000 	C:\windows\SYSTEM32\profapi.dll
0x00007ffd488f0000 - 0x00007ffd48909000 	C:\Program Files\Android\Android Studio1\jbr\bin\net.dll
0x00007ffd4fc60000 - 0x00007ffd4fd6d000 	C:\windows\SYSTEM32\WINHTTP.dll
0x00007ffd52f80000 - 0x00007ffd52fea000 	C:\windows\system32\mswsock.dll
0x00007ffd382e0000 - 0x00007ffd382f6000 	C:\Program Files\Android\Android Studio1\jbr\bin\nio.dll
0x00007ffd49310000 - 0x00007ffd49320000 	C:\Program Files\Android\Android Studio1\jbr\bin\verify.dll
0x00007ffd33040000 - 0x00007ffd33067000 	C:\Users\aame2\.gradle\native\c067742578af261105cb4f569cf0c3c89f3d7b1fecec35dd04571415982c5e48\windows-amd64\native-platform.dll
0x00007ffd08940000 - 0x00007ffd08a84000 	C:\Users\aame2\.gradle\native\38dada09dfb8b06ba9b0570ebf7e218e3eb74d4ef43ca46872605cf95ebc2f47\windows-amd64\native-platform-file-events.dll
0x00007ffd495e0000 - 0x00007ffd495e9000 	C:\Program Files\Android\Android Studio1\jbr\bin\management.dll
0x00007ffd49340000 - 0x00007ffd4934b000 	C:\Program Files\Android\Android Studio1\jbr\bin\management_ext.dll
0x00007ffd548d0000 - 0x00007ffd548d8000 	C:\windows\System32\PSAPI.DLL
0x00007ffd53240000 - 0x00007ffd53258000 	C:\windows\SYSTEM32\CRYPTSP.dll
0x00007ffd528c0000 - 0x00007ffd528f4000 	C:\windows\system32\rsaenh.dll
0x00007ffd537d0000 - 0x00007ffd537fe000 	C:\windows\SYSTEM32\USERENV.dll
0x00007ffd53170000 - 0x00007ffd5317c000 	C:\windows\SYSTEM32\CRYPTBASE.dll
0x00007ffd52c80000 - 0x00007ffd52cbb000 	C:\windows\SYSTEM32\IPHLPAPI.DLL
0x00007ffd547b0000 - 0x00007ffd547b8000 	C:\windows\System32\NSI.dll
0x00007ffd49250000 - 0x00007ffd49267000 	C:\windows\SYSTEM32\dhcpcsvc6.DLL
0x00007ffd48f30000 - 0x00007ffd48f4d000 	C:\windows\SYSTEM32\dhcpcsvc.DLL
0x00007ffd52cc0000 - 0x00007ffd52d8a000 	C:\windows\SYSTEM32\DNSAPI.dll
0x00007ffd49660000 - 0x00007ffd49669000 	C:\Program Files\Android\Android Studio1\jbr\bin\extnet.dll
0x00007ffd4cd60000 - 0x00007ffd4cd67000 	C:\windows\system32\wshunix.dll

dbghelp: loaded successfully - version: 4.0.5 - missing functions: none
symbol engine: initialized successfully - sym options: 0x614 - pdb path: .;C:\Program Files\Android\Android Studio1\jbr\bin;C:\windows\SYSTEM32;C:\windows\WinSxS\amd64_microsoft.windows.common-controls_6595b64144ccf1df_6.0.19041.4355_none_60b8b9eb71f62e16;C:\Program Files\Android\Android Studio1\jbr\bin\server;C:\Users\aame2\.gradle\native\c067742578af261105cb4f569cf0c3c89f3d7b1fecec35dd04571415982c5e48\windows-amd64;C:\Users\aame2\.gradle\native\38dada09dfb8b06ba9b0570ebf7e218e3eb74d4ef43ca46872605cf95ebc2f47\windows-amd64

VM Arguments:
jvm_args: --add-opens=java.base/java.util=ALL-UNNAMED --add-opens=java.base/java.lang=ALL-UNNAMED --add-opens=java.base/java.lang.invoke=ALL-UNNAMED --add-opens=java.prefs/java.util.prefs=ALL-UNNAMED --add-opens=java.base/java.nio.charset=ALL-UNNAMED --add-opens=java.base/java.net=ALL-UNNAMED --add-opens=java.base/java.util.concurrent.atomic=ALL-UNNAMED -Xmx2048m -Dfile.encoding=UTF-8 -Duser.country=GT -Duser.language=es -Duser.variant -javaagent:C:\Users\aame2\.gradle\wrapper\dists\gradle-8.7-bin\bhs2wmbdwecv87pi65oeuq5iu\gradle-8.7\lib\agents\gradle-instrumentation-agent-8.7.jar 
java_command: org.gradle.launcher.daemon.bootstrap.GradleDaemon 8.7
java_class_path (initial): C:\Users\aame2\.gradle\wrapper\dists\gradle-8.7-bin\bhs2wmbdwecv87pi65oeuq5iu\gradle-8.7\lib\gradle-launcher-8.7.jar
Launcher Type: SUN_STANDARD

[Global flags]
     intx CICompilerCount                          = 4                                         {product} {ergonomic}
     uint ConcGCThreads                            = 2                                         {product} {ergonomic}
     uint G1ConcRefinementThreads                  = 8                                         {product} {ergonomic}
   size_t G1HeapRegionSize                         = 1048576                                   {product} {ergonomic}
    uintx GCDrainStackTargetSize                   = 64                                        {product} {ergonomic}
   size_t InitialHeapSize                          = 264241152                                 {product} {ergonomic}
   size_t MarkStackSize                            = 4194304                                   {product} {ergonomic}
   size_t MaxHeapSize                              = 2147483648                                {product} {command line}
   size_t MaxNewSize                               = 1287651328                                {product} {ergonomic}
   size_t MinHeapDeltaBytes                        = 1048576                                   {product} {ergonomic}
   size_t MinHeapSize                              = 8388608                                   {product} {ergonomic}
    uintx NonNMethodCodeHeapSize                   = 5839372                                {pd product} {ergonomic}
    uintx NonProfiledCodeHeapSize                  = 122909434                              {pd product} {ergonomic}
    uintx ProfiledCodeHeapSize                     = 122909434                              {pd product} {ergonomic}
    uintx ReservedCodeCacheSize                    = 251658240                              {pd product} {ergonomic}
     bool SegmentedCodeCache                       = true                                      {product} {ergonomic}
   size_t SoftMaxHeapSize                          = 2147483648                             {manageable} {ergonomic}
     bool UseCompressedClassPointers               = true                           {product lp64_product} {ergonomic}
     bool UseCompressedOops                        = true                           {product lp64_product} {ergonomic}
     bool UseG1GC                                  = true                                      {product} {ergonomic}
     bool UseLargePagesIndividualAllocation        = false                                  {pd product} {ergonomic}

Logging:
Log output configuration:
 #0: stdout all=warning uptime,level,tags
 #1: stderr all=off uptime,level,tags

Environment Variables:
JAVA_HOME=C:\Users\aame2\AppData\Local\Programs\Eclipse Adoptium\jdk-17.0.7.7-hotspot\
PATH=C:\Python312\Scripts\;C:\Python312\;C:\Program Files\Common Files\Oracle\Java\javapath;C:\windows\system32;C:\windows;C:\windows\System32\Wbem;C:\windows\System32\WindowsPowerShell\v1.0\;C:\windows\System32\OpenSSH\;C:\Program Files\Java\jdk-20\bin;C:\Program Files\Git\cmd;C:\Program Files\nodejs\;C:\ProgramData\chocolatey\bin;C:\Users\aame2\AppData\Local\Programs\Eclipse Adoptium\jdk-17.0.7.7-hotspot\bin;C:\Users\aame2\AppData\Local\Programs\Python\Python311\Scripts\;C:\Users\aame2\AppData\Local\Programs\Python\Python311\;C:\Users\aame2\AppData\Local\Microsoft\WindowsApps;C:\Users\aame2\AppData\Local\Programs\Microsoft VS Code\bin;C:\Users\aame2\AppData\Roaming\npm;C:\MinGW\bin;
USERNAME=aame2
OS=Windows_NT
PROCESSOR_IDENTIFIER=Intel64 Family 6 Model 140 Stepping 1, GenuineIntel
TMP=C:\Users\aame2\AppData\Local\Temp
TEMP=C:\Users\aame2\AppData\Local\Temp



Periodic native trim disabled

JNI global refs:
JNI global refs: 24, weak refs: 0

JNI global refs memory usage: 843, weak refs: 841

Process memory usage:
Resident Set Size: 202040K (1% of 16449800K total physical memory with 1467388K free physical memory)

OOME stack traces (most recent first):
Classloader memory used:
Loader bootstrap                                                                       : 1877K
Loader org.gradle.internal.classloader.VisitableURLClassLoader                         : 1739K
Loader org.gradle.initialization.MixInLegacyTypesClassLoader                           : 323K
Loader jdk.internal.loader.ClassLoaders$AppClassLoader                                 : 28714B
Loader jdk.internal.loader.ClassLoaders$PlatformClassLoader                            : 17913B
Loader jdk.internal.reflect.DelegatingClassLoader                                      : 3132B

Classes loaded by more than one classloader:
Class org.gradle.internal.installation.GradleInstallation                             : loaded 2 times (x 73B)
Class org.gradle.internal.classpath.ClassPath                                         : loaded 2 times (x 68B)
Class org.gradle.api.internal.classpath.DefaultModuleRegistry                         : loaded 2 times (x 84B)
Class org.gradle.api.Action                                                           : loaded 2 times (x 68B)
Class org.gradle.api.internal.DefaultClassPathProvider                                : loaded 2 times (x 74B)
Class org.gradle.internal.installation.GradleInstallation$1                           : loaded 2 times (x 73B)
Class org.gradle.internal.classloader.FilteringClassLoader                            : loaded 2 times (x 103B)
Class org.gradle.internal.classpath.DefaultClassPath$ImmutableUniqueList$Builder      : loaded 2 times (x 73B)
Class org.gradle.internal.classloader.ClassLoaderVisitor                              : loaded 2 times (x 74B)
Class org.gradle.internal.service.DefaultServiceLocator                               : loaded 2 times (x 81B)
Class org.gradle.internal.service.UnknownServiceException                             : loaded 2 times (x 81B)
Class org.gradle.internal.classloader.DefaultClassLoaderFactory                       : loaded 2 times (x 80B)
Class org.gradle.internal.classloader.VisitableURLClassLoader$Spec                    : loaded 2 times (x 72B)
Class org.gradle.api.GradleException                                                  : loaded 2 times (x 80B)
Class org.gradle.api.internal.classpath.ModuleRegistry                                : loaded 2 times (x 68B)
Class org.gradle.api.internal.ClassPathProvider                                       : loaded 2 times (x 68B)
Class org.gradle.internal.classloader.ClasspathUtil$1                                 : loaded 2 times (x 74B)
Class org.gradle.internal.classloader.ClassLoaderFactory                              : loaded 2 times (x 68B)
Class org.gradle.api.internal.classpath.ManifestUtil                                  : loaded 2 times (x 69B)
Class org.gradle.api.specs.Spec                                                       : loaded 2 times (x 68B)
Class org.gradle.internal.IoActions                                                   : loaded 2 times (x 69B)
Class org.gradle.api.internal.classpath.EffectiveClassPath                            : loaded 2 times (x 88B)
Class org.gradle.internal.installation.CurrentGradleInstallation                      : loaded 2 times (x 71B)
Class org.gradle.internal.agents.InstrumentingClassLoader                             : loaded 2 times (x 68B)
Class org.gradle.internal.installation.CurrentGradleInstallationLocator               : loaded 2 times (x 69B)
Class org.gradle.api.internal.classpath.Module                                        : loaded 2 times (x 68B)
Class org.gradle.internal.service.CachingServiceLocator                               : loaded 2 times (x 80B)
Class org.gradle.internal.classpath.DefaultClassPath                                  : loaded 2 times (x 88B)
Class org.gradle.internal.classloader.SystemClassLoaderSpec                           : loaded 2 times (x 69B)
Class org.gradle.api.UncheckedIOException                                             : loaded 2 times (x 80B)
Class org.gradle.internal.classloader.ClasspathUtil                                   : loaded 2 times (x 69B)
Class org.gradle.api.internal.DefaultClassPathRegistry                                : loaded 2 times (x 74B)
Class org.gradle.api.internal.classpath.DefaultModuleRegistry$DefaultModule           : loaded 2 times (x 84B)
Class org.gradle.api.internal.classpath.UnknownModuleException                        : loaded 2 times (x 80B)
Class org.gradle.internal.service.ServiceLookupException                              : loaded 2 times (x 80B)
Class org.gradle.cache.GlobalCache                                                    : loaded 2 times (x 68B)
Class [Lorg.gradle.api.internal.ClassPathProvider;                                    : loaded 2 times (x 67B)
Class org.gradle.util.internal.GUtil                                                  : loaded 2 times (x 69B)
Class org.gradle.internal.classloader.ClassLoaderSpec                                 : loaded 2 times (x 69B)
Class org.gradle.internal.classloader.VisitableURLClassLoader                         : loaded 2 times (x 115B)
Class org.gradle.internal.Cast                                                        : loaded 2 times (x 69B)
Class org.gradle.api.internal.ClassPathRegistry                                       : loaded 2 times (x 68B)
Class org.gradle.internal.classloader.VisitableURLClassLoader$InstrumentingVisitableURLClassLoader: loaded 2 times (x 121B)
Class org.gradle.internal.classloader.ClassLoaderHierarchy                            : loaded 2 times (x 68B)
Class org.gradle.internal.InternalTransformer                                         : loaded 2 times (x 68B)
Class org.gradle.internal.service.ServiceLocator                                      : loaded 2 times (x 68B)
Class org.gradle.internal.classpath.DefaultClassPath$ImmutableUniqueList              : loaded 2 times (x 159B)
Class org.gradle.internal.classpath.TransformedClassPath                              : loaded 2 times (x 94B)


---------------  S Y S T E M  ---------------

OS:
 Windows 10 , 64 bit Build 19041 (10.0.19041.4842)
OS uptime: 9 days 22:11 hours
Hyper-V role detected

CPU: total 8 (initial active 8) (4 cores per cpu, 2 threads per core) family 6 model 140 stepping 1 microcode 0xb6, cx8, cmov, fxsr, ht, mmx, 3dnowpref, sse, sse2, sse3, ssse3, sse4.1, sse4.2, popcnt, lzcnt, tsc, tscinvbit, avx, avx2, aes, erms, clmul, bmi1, bmi2, adx, avx512f, avx512dq, avx512cd, avx512bw, avx512vl, sha, fma, vzeroupper, avx512_vpopcntdq, avx512_vpclmulqdq, avx512_vaes, avx512_vnni, clflush, clflushopt, clwb, avx512_vbmi2, avx512_vbmi, hv
Processor Information for all 8 processors :
  Max Mhz: 2803, Current Mhz: 2803, Mhz Limit: 2803

Memory: 4k page, system-wide physical 16064M (1433M free)
TotalPageFile size 65216M (AvailPageFile size 0M)
current process WorkingSet (physical memory assigned to process): 197M, peak: 209M
current process commit charge ("private bytes"): 242M, peak: 398M

vm_info: OpenJDK 64-Bit Server VM (17.0.11+0--11852314) for windows-amd64 JRE (17.0.11+0--11852314), built on May 16 2024 21:29:20 by "androidbuild" with MS VC++ 16.10 / 16.11 (VS2019)

END.
